2022-11-12 20:45:45 [INFO ] JavaApplication1:122 - Начало работы программы
2022-11-12 20:45:45 [INFO ] JavaApplication1:70 - Ожидание ввода данных
2022-11-12 20:45:55 [WARN ] JavaApplication1:103 - Неверные входные данные
2022-11-12 20:46:02 [INFO ] JavaApplication1:91 - Получены данные
2022-11-12 20:46:02 [INFO ] JavaApplication1:45 - Идет запись в файл
2022-11-12 20:46:03 [INFO ] JavaApplication1:65 - Файл записан
2022-11-12 20:46:04 [INFO ] JavaApplication1:130 - Документ готов, можно проверить!
2022-11-12 20:52:47 [INFO ] JavaApplication1:122 - Начало работы программы
2022-11-12 20:52:47 [INFO ] JavaApplication1:70 - Ожидание ввода данных
2022-11-12 20:53:23 [INFO ] JavaApplication1:122 - Начало работы программы
2022-11-12 20:53:23 [INFO ] JavaApplication1:70 - Ожидание ввода данных
2022-11-12 20:54:08 [WARN ] JavaApplication1:103 - Неверные входные данные
2022-11-12 20:54:09 [WARN ] JavaApplication1:103 - Неверные входные данные
2022-11-12 20:54:14 [INFO ] JavaApplication1:91 - Получены данные
2022-11-12 20:54:14 [INFO ] JavaApplication1:45 - Идет запись в файл
2022-11-12 20:54:16 [INFO ] JavaApplication1:65 - Файл записан
2022-11-12 20:54:16 [INFO ] JavaApplication1:130 - Документ готов, можно проверить!
2022-11-12 20:54:55 [INFO ] JavaApplication1:122 - Начало работы программы
2022-11-12 20:54:55 [INFO ] JavaApplication1:70 - Ожидание ввода данных
2022-11-12 20:55:45 [INFO ] JavaApplication1:91 - Получены данные
2022-11-12 20:55:45 [INFO ] JavaApplication1:45 - Идет запись в файл
2022-11-12 20:55:46 [INFO ] JavaApplication1:65 - Файл записан
2022-11-12 20:55:46 [INFO ] JavaApplication1:130 - Документ готов, можно проверить!
2022-11-12 20:56:43 [INFO ] JavaApplication1:122 - Начало работы программы
2022-11-12 20:56:43 [INFO ] JavaApplication1:70 - Ожидание ввода данных
2022-11-12 20:57:14 [WARN ] JavaApplication1:103 - Неверные входные данные
2022-11-12 20:57:32 [INFO ] JavaApplication1:91 - Получены данные
2022-11-12 20:57:32 [INFO ] JavaApplication1:45 - Идет запись в файл
2022-11-12 20:57:33 [INFO ] JavaApplication1:65 - Файл записан
2022-11-12 20:57:34 [INFO ] JavaApplication1:130 - Документ готов, можно проверить!
2022-11-16 20:17:29 [INFO ] JavaApplication1:121 - Начало работы программы
2022-11-16 20:17:29 [INFO ] JavaApplication1:70 - Ожидание ввода данных
2022-11-16 20:17:37 [WARN ] JavaApplication1:102 - Неверные входные данные
2022-11-16 20:17:39 [WARN ] JavaApplication1:102 - Неверные входные данные
2022-11-16 20:17:40 [WARN ] JavaApplication1:102 - Неверные входные данные
2022-11-16 20:17:46 [INFO ] JavaApplication1:87 - Получены данные
2022-11-16 20:17:46 [INFO ] JavaApplication1:45 - Идет запись в файл
2022-11-16 20:17:47 [INFO ] JavaApplication1:65 - Файл записан
2022-11-16 20:17:47 [INFO ] JavaApplication1:129 - Документ готов, можно проверить!
